<?xml version="1.0" encoding="UTF-8"?>
<!-- Generated by org.testng.reporters.JUnitXMLReporter -->
<testsuite ignored="0" hostname="Rituchahar" failures="0" tests="2" name="error validation" time="56.709" errors="0" timestamp="2025-06-30T19:17:51 IST">
  <testcase classname="qaTeam.seleniumTestFrameWork.ErrorValidations" name="LoginErrorValidation" time="1.147"/>
  <testcase classname="qaTeam.seleniumTestFrameWork.ErrorValidations" name="productErrorValidation" time="38.759"/>
</testsuite> <!-- error validation -->
