<?xml version="1.0" encoding="UTF-8"?>
<!-- Generated by org.testng.reporters.JUnitXMLReporter -->
<testsuite ignored="2" hostname="Rituchahar" failures="0" tests="0" time="0.018" errors="0" timestamp="2025-07-02T19:11:13 IST">
  <testcase classname="qaTeam.seleniumTestFrameWork.ErrorValidations" name="LoginErrorValidation" time="0.0">
    <ignored/>
  </testcase> <!-- LoginErrorValidation -->
  <testcase classname="qaTeam.seleniumTestFrameWork.ErrorValidations" name="productErrorValidation" time="0.0">
    <ignored/>
  </testcase> <!-- productErrorValidation -->
</testsuite>
